#
# There is insufficient memory for the Java Runtime Environment to continue.
# Native memory allocation (malloc) failed to allocate 271056 bytes for Chunk::new
# Possible reasons:
#   The system is out of physical RAM or swap space
#   The process is running with CompressedOops enabled, and the Java Heap may be blocking the growth of the native heap
# Possible solutions:
#   Reduce memory load on the system
#   Increase physical memory or swap space
#   Check if swap backing store is full
#   Decrease Java heap size (-Xmx/-Xms)
#   Decrease number of Java threads
#   Decrease Java thread stack sizes (-Xss)
#   Set larger code cache with -XX:ReservedCodeCacheSize=
#   JVM is running with Unscaled Compressed Oops mode in which the Java heap is
#     placed in the first 4GB address space. The Java Heap base address is the
#     maximum limit for the native heap growth. Please use -XX:HeapBaseMinAddress
#     to set the Java Heap base and to place the Java Heap above 4GB virtual address.
# This output file may be truncated or incomplete.
#
#  Out of Memory Error (arena.cpp:189), pid=12572, tid=16824
#
# JRE version: Java(TM) SE Runtime Environment (17.0+35) (build 17+35-LTS-2724)
# Java VM: Java HotSpot(TM) 64-Bit Server VM (17+35-LTS-2724, mixed mode, sharing, tiered, compressed oops, compressed class ptrs, g1 gc, windows-amd64)
# No core dump will be written. Minidumps are not enabled by default on client versions of Windows
#

---------------  S U M M A R Y ------------

Command Line: -ea -Didea.test.cyclic.buffer.size=1048576 -javaagent:C:\Program Files\JetBrains\IntelliJ IDEA 2023.2.3\lib\idea_rt.jar=63284:C:\Program Files\JetBrains\IntelliJ IDEA 2023.2.3\bin -Dfile.encoding=UTF-8 com.intellij.rt.junit.JUnitStarter -ideVersion5 -junit5 @w@C:\Users\Asus\AppData\Local\Temp\idea_working_dirs_junit.tmp @C:\Users\Asus\AppData\Local\Temp\idea_junit.tmp -socket63283

Host: Intel(R) Core(TM) i5-9300H CPU @ 2.40GHz, 8 cores, 7G,  Windows 10 , 64 bit Build 22621 (10.0.22621.2506)
Time: Mon Dec  4 17:26:16 2023 Hora est. Pacífico, Sudamérica elapsed time: 4.652020 seconds (0d 0h 0m 4s)

---------------  T H R E A D  ---------------

Current thread (0x00000242672063e0):  JavaThread "C2 CompilerThread0" daemon [_thread_in_native, id=16824, stack(0x000000e2f7400000,0x000000e2f7500000)]


Current CompileTask:
C2:   4652 1311   !   4       java.util.concurrent.ConcurrentHashMap::putVal (432 bytes)

Stack: [0x000000e2f7400000,0x000000e2f7500000]
Native frames: (J=compiled Java code, j=interpreted, Vv=VM code, C=native code)
V  [jvm.dll+0x66f8ea]
V  [jvm.dll+0x7ce224]
V  [jvm.dll+0x7cf9ce]
V  [jvm.dll+0x7d0033]
V  [jvm.dll+0x242bb5]
V  [jvm.dll+0xaa05b]
V  [jvm.dll+0xaa5ec]
V  [jvm.dll+0x35f9f7]
V  [jvm.dll+0x329f61]
V  [jvm.dll+0x32940a]
V  [jvm.dll+0x215ca1]
V  [jvm.dll+0x2150c1]
V  [jvm.dll+0x1a168d]
V  [jvm.dll+0x2248f8]
V  [jvm.dll+0x222a5c]
V  [jvm.dll+0x78422b]
V  [jvm.dll+0x77e7ea]
V  [jvm.dll+0x66e715]
C  [ucrtbase.dll+0x29363]
C  [KERNEL32.DLL+0x1257d]
C  [ntdll.dll+0x5aa58]


---------------  P R O C E S S  ---------------

Threads class SMR info:
_java_thread_list=0x0000024268a3b010, length=13, elements={
0x000002424922d160, 0x00000242671e7150, 0x00000242671e7ed0, 0x00000242671f92d0,
0x00000242671f9d90, 0x00000242671fc660, 0x00000242671fcf20, 0x00000242672063e0,
0x000002426720a290, 0x0000024267219fe0, 0x0000024267c54ac0, 0x0000024267d8e920,
0x0000024267d078b0
}

Java Threads: ( => current thread )
  0x000002424922d160 JavaThread "main" [_thread_in_native, id=15304, stack(0x000000e2f6700000,0x000000e2f6800000)]
  0x00000242671e7150 JavaThread "Reference Handler" daemon [_thread_blocked, id=8800, stack(0x000000e2f6e00000,0x000000e2f6f00000)]
  0x00000242671e7ed0 JavaThread "Finalizer" daemon [_thread_blocked, id=19420, stack(0x000000e2f6f00000,0x000000e2f7000000)]
  0x00000242671f92d0 JavaThread "Signal Dispatcher" daemon [_thread_blocked, id=11104, stack(0x000000e2f7000000,0x000000e2f7100000)]
  0x00000242671f9d90 JavaThread "Attach Listener" daemon [_thread_blocked, id=17476, stack(0x000000e2f7100000,0x000000e2f7200000)]
  0x00000242671fc660 JavaThread "Service Thread" daemon [_thread_blocked, id=12568, stack(0x000000e2f7200000,0x000000e2f7300000)]
  0x00000242671fcf20 JavaThread "Monitor Deflation Thread" daemon [_thread_blocked, id=20192, stack(0x000000e2f7300000,0x000000e2f7400000)]
=>0x00000242672063e0 JavaThread "C2 CompilerThread0" daemon [_thread_in_native, id=16824, stack(0x000000e2f7400000,0x000000e2f7500000)]
  0x000002426720a290 JavaThread "C1 CompilerThread0" daemon [_thread_blocked, id=17792, stack(0x000000e2f7500000,0x000000e2f7600000)]
  0x0000024267219fe0 JavaThread "Sweeper thread" daemon [_thread_blocked, id=15456, stack(0x000000e2f7600000,0x000000e2f7700000)]
  0x0000024267c54ac0 JavaThread "Common-Cleaner" daemon [_thread_blocked, id=10428, stack(0x000000e2f7700000,0x000000e2f7800000)]
  0x0000024267d8e920 JavaThread "Monitor Ctrl-Break" daemon [_thread_in_native, id=9468, stack(0x000000e2f7800000,0x000000e2f7900000)]
  0x0000024267d078b0 JavaThread "Notification Thread" daemon [_thread_blocked, id=14108, stack(0x000000e2f7900000,0x000000e2f7a00000)]

Other Threads:
  0x00000242671e3650 VMThread "VM Thread" [stack: 0x000000e2f6d00000,0x000000e2f6e00000] [id=10056]
  0x0000024249287e40 WatcherThread [stack: 0x000000e2f7a00000,0x000000e2f7b00000] [id=13204]
  0x0000024249269cd0 GCTaskThread "GC Thread#0" [stack: 0x000000e2f6800000,0x000000e2f6900000] [id=16664]
  0x00000242687c59f0 GCTaskThread "GC Thread#1" [stack: 0x000000e2f7c00000,0x000000e2f7d00000] [id=12972]
  0x00000242687c5ca0 GCTaskThread "GC Thread#2" [stack: 0x000000e2f7d00000,0x000000e2f7e00000] [id=14348]
  0x0000024268b44da0 GCTaskThread "GC Thread#3" [stack: 0x000000e2f7e00000,0x000000e2f7f00000] [id=19976]
  0x0000024268a66e60 GCTaskThread "GC Thread#4" [stack: 0x000000e2f7f00000,0x000000e2f8000000] [id=13948]
  0x0000024268a67110 GCTaskThread "GC Thread#5" [stack: 0x000000e2f8000000,0x000000e2f8100000] [id=19776]
  0x0000024268a73c60 GCTaskThread "GC Thread#6" [stack: 0x000000e2f8100000,0x000000e2f8200000] [id=20012]
  0x000002424927cac0 ConcurrentGCThread "G1 Main Marker" [stack: 0x000000e2f6900000,0x000000e2f6a00000] [id=15344]
  0x000002424927eb90 ConcurrentGCThread "G1 Conc#0" [stack: 0x000000e2f6a00000,0x000000e2f6b00000] [id=18504]
  0x00000242492ec210 ConcurrentGCThread "G1 Refine#0" [stack: 0x000000e2f6b00000,0x000000e2f6c00000] [id=14392]
  0x00000242492ecb40 ConcurrentGCThread "G1 Service" [stack: 0x000000e2f6c00000,0x000000e2f6d00000] [id=16028]

Threads with active compile tasks:
C2 CompilerThread0     5468 1311   !   4       java.util.concurrent.ConcurrentHashMap::putVal (432 bytes)

VM state: not at safepoint (normal execution)

VM Mutex/Monitor currently owned by a thread: None

Heap address: 0x0000000082400000, size: 2012 MB, Compressed Oops mode: 32-bit

CDS archive(s) mapped at: [0x0000000800000000-0x0000000800bc0000-0x0000000800bc0000), size 12320768, SharedBaseAddress: 0x0000000800000000, ArchiveRelocationMode: 0.
Compressed class space mapped at: 0x0000000800c00000-0x0000000840c00000, reserved size: 1073741824
Narrow klass base: 0x0000000800000000, Narrow klass shift: 0, Narrow klass range: 0x100000000

GC Precious Log:
 CPUs: 8 total, 8 available
 Memory: 8043M
 Large Page Support: Disabled
 NUMA Support: Disabled
 Compressed Oops: Enabled (32-bit)
 Heap Region Size: 1M
 Heap Min Capacity: 8M
 Heap Initial Capacity: 126M
 Heap Max Capacity: 2012M
 Pre-touch: Disabled
 Parallel Workers: 8
 Concurrent Workers: 2
 Concurrent Refinement Workers: 8
 Periodic GC: Disabled

Heap:
 garbage-first heap   total 129024K, used 13675K [0x0000000082400000, 0x0000000100000000)
  region size 1024K, 10 young (10240K), 3 survivors (3072K)
 Metaspace       used 6809K, committed 6976K, reserved 1056768K
  class space    used 854K, committed 960K, reserved 1048576K

Heap Regions: E=young(eden), S=young(survivor), O=old, HS=humongous(starts), HC=humongous(continues), CS=collection set, F=free, OA=open archive, CA=closed archive, TAMS=top-at-mark-start (previous, next)
|   0|0x0000000082400000, 0x0000000082500000, 0x0000000082500000|100%|HS|  |TAMS 0x0000000082400000, 0x0000000082400000| Complete 
|   1|0x0000000082500000, 0x0000000082600000, 0x0000000082600000|100%| O|  |TAMS 0x0000000082500000, 0x0000000082500000| Untracked 
|   2|0x0000000082600000, 0x0000000082700000, 0x0000000082700000|100%| O|  |TAMS 0x0000000082600000, 0x0000000082600000| Untracked 
|   3|0x0000000082700000, 0x0000000082800000, 0x0000000082800000|100%| O|  |TAMS 0x0000000082700000, 0x0000000082700000| Untracked 
|   4|0x0000000082800000, 0x000000008285ac00, 0x0000000082900000| 35%| O|  |TAMS 0x0000000082800000, 0x0000000082800000| Untracked 
|   5|0x0000000082900000, 0x0000000082900000, 0x0000000082a00000|  0%| F|  |TAMS 0x0000000082900000, 0x0000000082900000| Untracked 
|   6|0x0000000082a00000, 0x0000000082a00000, 0x0000000082b00000|  0%| F|  |TAMS 0x0000000082a00000, 0x0000000082a00000| Untracked 
|   7|0x0000000082b00000, 0x0000000082b00000, 0x0000000082c00000|  0%| F|  |TAMS 0x0000000082b00000, 0x0000000082b00000| Untracked 
|   8|0x0000000082c00000, 0x0000000082c00000, 0x0000000082d00000|  0%| F|  |TAMS 0x0000000082c00000, 0x0000000082c00000| Untracked 
|   9|0x0000000082d00000, 0x0000000082d00000, 0x0000000082e00000|  0%| F|  |TAMS 0x0000000082d00000, 0x0000000082d00000| Untracked 
|  10|0x0000000082e00000, 0x0000000082e00000, 0x0000000082f00000|  0%| F|  |TAMS 0x0000000082e00000, 0x0000000082e00000| Untracked 
|  11|0x0000000082f00000, 0x0000000082f00000, 0x0000000083000000|  0%| F|  |TAMS 0x0000000082f00000, 0x0000000082f00000| Untracked 
|  12|0x0000000083000000, 0x0000000083000000, 0x0000000083100000|  0%| F|  |TAMS 0x0000000083000000, 0x0000000083000000| Untracked 
|  13|0x0000000083100000, 0x0000000083100000, 0x0000000083200000|  0%| F|  |TAMS 0x0000000083100000, 0x0000000083100000| Untracked 
|  14|0x0000000083200000, 0x0000000083200000, 0x0000000083300000|  0%| F|  |TAMS 0x0000000083200000, 0x0000000083200000| Untracked 
|  15|0x0000000083300000, 0x0000000083300000, 0x0000000083400000|  0%| F|  |TAMS 0x0000000083300000, 0x0000000083300000| Untracked 
|  16|0x0000000083400000, 0x0000000083400000, 0x0000000083500000|  0%| F|  |TAMS 0x0000000083400000, 0x0000000083400000| Untracked 
|  17|0x0000000083500000, 0x0000000083500000, 0x0000000083600000|  0%| F|  |TAMS 0x0000000083500000, 0x0000000083500000| Untracked 
|  18|0x0000000083600000, 0x0000000083600000, 0x0000000083700000|  0%| F|  |TAMS 0x0000000083600000, 0x0000000083600000| Untracked 
|  19|0x0000000083700000, 0x0000000083700000, 0x0000000083800000|  0%| F|  |TAMS 0x0000000083700000, 0x0000000083700000| Untracked 
|  20|0x0000000083800000, 0x0000000083800000, 0x0000000083900000|  0%| F|  |TAMS 0x0000000083800000, 0x0000000083800000| Untracked 
|  21|0x0000000083900000, 0x0000000083900000, 0x0000000083a00000|  0%| F|  |TAMS 0x0000000083900000, 0x0000000083900000| Untracked 
|  22|0x0000000083a00000, 0x0000000083a00000, 0x0000000083b00000|  0%| F|  |TAMS 0x0000000083a00000, 0x0000000083a00000| Untracked 
|  23|0x0000000083b00000, 0x0000000083b00000, 0x0000000083c00000|  0%| F|  |TAMS 0x0000000083b00000, 0x0000000083b00000| Untracked 
|  24|0x0000000083c00000, 0x0000000083c00000, 0x0000000083d00000|  0%| F|  |TAMS 0x0000000083c00000, 0x0000000083c00000| Untracked 
|  25|0x0000000083d00000, 0x0000000083d00000, 0x0000000083e00000|  0%| F|  |TAMS 0x0000000083d00000, 0x0000000083d00000| Untracked 
|  26|0x0000000083e00000, 0x0000000083e00000, 0x0000000083f00000|  0%| F|  |TAMS 0x0000000083e00000, 0x0000000083e00000| Untracked 
|  27|0x0000000083f00000, 0x0000000083f00000, 0x0000000084000000|  0%| F|  |TAMS 0x0000000083f00000, 0x0000000083f00000| Untracked 
|  28|0x0000000084000000, 0x0000000084000000, 0x0000000084100000|  0%| F|  |TAMS 0x0000000084000000, 0x0000000084000000| Untracked 
|  29|0x0000000084100000, 0x0000000084100000, 0x0000000084200000|  0%| F|  |TAMS 0x0000000084100000, 0x0000000084100000| Untracked 
|  30|0x0000000084200000, 0x0000000084200000, 0x0000000084300000|  0%| F|  |TAMS 0x0000000084200000, 0x0000000084200000| Untracked 
|  31|0x0000000084300000, 0x0000000084300000, 0x0000000084400000|  0%| F|  |TAMS 0x0000000084300000, 0x0000000084300000| Untracked 
|  32|0x0000000084400000, 0x0000000084400000, 0x0000000084500000|  0%| F|  |TAMS 0x0000000084400000, 0x0000000084400000| Untracked 
|  33|0x0000000084500000, 0x0000000084500000, 0x0000000084600000|  0%| F|  |TAMS 0x0000000084500000, 0x0000000084500000| Untracked 
|  34|0x0000000084600000, 0x0000000084600000, 0x0000000084700000|  0%| F|  |TAMS 0x0000000084600000, 0x0000000084600000| Untracked 
|  35|0x0000000084700000, 0x0000000084700000, 0x0000000084800000|  0%| F|  |TAMS 0x0000000084700000, 0x0000000084700000| Untracked 
|  36|0x0000000084800000, 0x0000000084800000, 0x0000000084900000|  0%| F|  |TAMS 0x0000000084800000, 0x0000000084800000| Untracked 
|  37|0x0000000084900000, 0x0000000084900000, 0x0000000084a00000|  0%| F|  |TAMS 0x0000000084900000, 0x0000000084900000| Untracked 
|  38|0x0000000084a00000, 0x0000000084a00000, 0x0000000084b00000|  0%| F|  |TAMS 0x0000000084a00000, 0x0000000084a00000| Untracked 
|  39|0x0000000084b00000, 0x0000000084b00000, 0x0000000084c00000|  0%| F|  |TAMS 0x0000000084b00000, 0x0000000084b00000| Untracked 
|  40|0x0000000084c00000, 0x0000000084c00000, 0x0000000084d00000|  0%| F|  |TAMS 0x0000000084c00000, 0x0000000084c00000| Untracked 
|  41|0x0000000084d00000, 0x0000000084d00000, 0x0000000084e00000|  0%| F|  |TAMS 0x0000000084d00000, 0x0000000084d00000| Untracked 
|  42|0x0000000084e00000, 0x0000000084e00000, 0x0000000084f00000|  0%| F|  |TAMS 0x0000000084e00000, 0x0000000084e00000| Untracked 
|  43|0x0000000084f00000, 0x0000000084f00000, 0x0000000085000000|  0%| F|  |TAMS 0x0000000084f00000, 0x0000000084f00000| Untracked 
|  44|0x0000000085000000, 0x0000000085000000, 0x0000000085100000|  0%| F|  |TAMS 0x0000000085000000, 0x0000000085000000| Untracked 
|  45|0x0000000085100000, 0x0000000085100000, 0x0000000085200000|  0%| F|  |TAMS 0x0000000085100000, 0x0000000085100000| Untracked 
|  46|0x0000000085200000, 0x0000000085200000, 0x0000000085300000|  0%| F|  |TAMS 0x0000000085200000, 0x0000000085200000| Untracked 
|  47|0x0000000085300000, 0x0000000085300000, 0x0000000085400000|  0%| F|  |TAMS 0x0000000085300000, 0x0000000085300000| Untracked 
|  48|0x0000000085400000, 0x0000000085400000, 0x0000000085500000|  0%| F|  |TAMS 0x0000000085400000, 0x0000000085400000| Untracked 
|  49|0x0000000085500000, 0x0000000085500000, 0x0000000085600000|  0%| F|  |TAMS 0x0000000085500000, 0x0000000085500000| Untracked 
|  50|0x0000000085600000, 0x0000000085600000, 0x0000000085700000|  0%| F|  |TAMS 0x0000000085600000, 0x0000000085600000| Untracked 
|  51|0x0000000085700000, 0x0000000085700000, 0x0000000085800000|  0%| F|  |TAMS 0x0000000085700000, 0x0000000085700000| Untracked 
|  52|0x0000000085800000, 0x0000000085800000, 0x0000000085900000|  0%| F|  |TAMS 0x0000000085800000, 0x0000000085800000| Untracked 
|  53|0x0000000085900000, 0x0000000085900000, 0x0000000085a00000|  0%| F|  |TAMS 0x0000000085900000, 0x0000000085900000| Untracked 
|  54|0x0000000085a00000, 0x0000000085a00000, 0x0000000085b00000|  0%| F|  |TAMS 0x0000000085a00000, 0x0000000085a00000| Untracked 
|  55|0x0000000085b00000, 0x0000000085b00000, 0x0000000085c00000|  0%| F|  |TAMS 0x0000000085b00000, 0x0000000085b00000| Untracked 
|  56|0x0000000085c00000, 0x0000000085c00000, 0x0000000085d00000|  0%| F|  |TAMS 0x0000000085c00000, 0x0000000085c00000| Untracked 
|  57|0x0000000085d00000, 0x0000000085d00000, 0x0000000085e00000|  0%| F|  |TAMS 0x0000000085d00000, 0x0000000085d00000| Untracked 
|  58|0x0000000085e00000, 0x0000000085e00000, 0x0000000085f00000|  0%| F|  |TAMS 0x0000000085e00000, 0x0000000085e00000| Untracked 
|  59|0x0000000085f00000, 0x0000000085f00000, 0x0000000086000000|  0%| F|  |TAMS 0x0000000085f00000, 0x0000000085f00000| Untracked 
|  60|0x0000000086000000, 0x0000000086000000, 0x0000000086100000|  0%| F|  |TAMS 0x0000000086000000, 0x0000000086000000| Untracked 
|  61|0x0000000086100000, 0x0000000086100000, 0x0000000086200000|  0%| F|  |TAMS 0x0000000086100000, 0x0000000086100000| Untracked 
|  62|0x0000000086200000, 0x0000000086200000, 0x0000000086300000|  0%| F|  |TAMS 0x0000000086200000, 0x0000000086200000| Untracked 
|  63|0x0000000086300000, 0x0000000086300000, 0x0000000086400000|  0%| F|  |TAMS 0x0000000086300000, 0x0000000086300000| Untracked 
|  64|0x0000000086400000, 0x0000000086400000, 0x0000000086500000|  0%| F|  |TAMS 0x0000000086400000, 0x0000000086400000| Untracked 
|  65|0x0000000086500000, 0x0000000086500000, 0x0000000086600000|  0%| F|  |TAMS 0x0000000086500000, 0x0000000086500000| Untracked 
|  66|0x0000000086600000, 0x0000000086600000, 0x0000000086700000|  0%| F|  |TAMS 0x0000000086600000, 0x0000000086600000| Untracked 
|  67|0x0000000086700000, 0x0000000086700000, 0x0000000086800000|  0%| F|  |TAMS 0x0000000086700000, 0x0000000086700000| Untracked 
|  68|0x0000000086800000, 0x0000000086800000, 0x0000000086900000|  0%| F|  |TAMS 0x0000000086800000, 0x0000000086800000| Untracked 
|  69|0x0000000086900000, 0x0000000086900000, 0x0000000086a00000|  0%| F|  |TAMS 0x0000000086900000, 0x0000000086900000| Untracked 
|  70|0x0000000086a00000, 0x0000000086a00000, 0x0000000086b00000|  0%| F|  |TAMS 0x0000000086a00000, 0x0000000086a00000| Untracked 
|  71|0x0000000086b00000, 0x0000000086b00000, 0x0000000086c00000|  0%| F|  |TAMS 0x0000000086b00000, 0x0000000086b00000| Untracked 
|  72|0x0000000086c00000, 0x0000000086c00000, 0x0000000086d00000|  0%| F|  |TAMS 0x0000000086c00000, 0x0000000086c00000| Untracked 
|  73|0x0000000086d00000, 0x0000000086d00000, 0x0000000086e00000|  0%| F|  |TAMS 0x0000000086d00000, 0x0000000086d00000| Untracked 
|  74|0x0000000086e00000, 0x0000000086e00000, 0x0000000086f00000|  0%| F|  |TAMS 0x0000000086e00000, 0x0000000086e00000| Untracked 
|  75|0x0000000086f00000, 0x0000000086f00000, 0x0000000087000000|  0%| F|  |TAMS 0x0000000086f00000, 0x0000000086f00000| Untracked 
|  76|0x0000000087000000, 0x0000000087000000, 0x0000000087100000|  0%| F|  |TAMS 0x0000000087000000, 0x0000000087000000| Untracked 
|  77|0x0000000087100000, 0x0000000087100000, 0x0000000087200000|  0%| F|  |TAMS 0x0000000087100000, 0x0000000087100000| Untracked 
|  78|0x0000000087200000, 0x0000000087200000, 0x0000000087300000|  0%| F|  |TAMS 0x0000000087200000, 0x0000000087200000| Untracked 
|  79|0x0000000087300000, 0x0000000087300000, 0x0000000087400000|  0%| F|  |TAMS 0x0000000087300000, 0x0000000087300000| Untracked 
|  80|0x0000000087400000, 0x0000000087400000, 0x0000000087500000|  0%| F|  |TAMS 0x0000000087400000, 0x0000000087400000| Untracked 
|  81|0x0000000087500000, 0x0000000087500000, 0x0000000087600000|  0%| F|  |TAMS 0x0000000087500000, 0x0000000087500000| Untracked 
|  82|0x0000000087600000, 0x0000000087600000, 0x0000000087700000|  0%| F|  |TAMS 0x0000000087600000, 0x0000000087600000| Untracked 
|  83|0x0000000087700000, 0x0000000087700000, 0x0000000087800000|  0%| F|  |TAMS 0x0000000087700000, 0x0000000087700000| Untracked 
|  84|0x0000000087800000, 0x0000000087800000, 0x0000000087900000|  0%| F|  |TAMS 0x0000000087800000, 0x0000000087800000| Untracked 
|  85|0x0000000087900000, 0x0000000087900000, 0x0000000087a00000|  0%| F|  |TAMS 0x0000000087900000, 0x0000000087900000| Untracked 
|  86|0x0000000087a00000, 0x0000000087a00000, 0x0000000087b00000|  0%| F|  |TAMS 0x0000000087a00000, 0x0000000087a00000| Untracked 
|  87|0x0000000087b00000, 0x0000000087b00000, 0x0000000087c00000|  0%| F|  |TAMS 0x0000000087b00000, 0x0000000087b00000| Untracked 
|  88|0x0000000087c00000, 0x0000000087c00000, 0x0000000087d00000|  0%| F|  |TAMS 0x0000000087c00000, 0x0000000087c00000| Untracked 
|  89|0x0000000087d00000, 0x0000000087d00000, 0x0000000087e00000|  0%| F|  |TAMS 0x0000000087d00000, 0x0000000087d00000| Untracked 
|  90|0x0000000087e00000, 0x0000000087e00000, 0x0000000087f00000|  0%| F|  |TAMS 0x0000000087e00000, 0x0000000087e00000| Untracked 
|  91|0x0000000087f00000, 0x0000000087f00000, 0x0000000088000000|  0%| F|  |TAMS 0x0000000087f00000, 0x0000000087f00000| Untracked 
|  92|0x0000000088000000, 0x0000000088000000, 0x0000000088100000|  0%| F|  |TAMS 0x0000000088000000, 0x0000000088000000| Untracked 
|  93|0x0000000088100000, 0x0000000088100000, 0x0000000088200000|  0%| F|  |TAMS 0x0000000088100000, 0x0000000088100000| Untracked 
|  94|0x0000000088200000, 0x0000000088200000, 0x0000000088300000|  0%| F|  |TAMS 0x0000000088200000, 0x0000000088200000| Untracked 
|  95|0x0000000088300000, 0x0000000088300000, 0x0000000088400000|  0%| F|  |TAMS 0x0000000088300000, 0x0000000088300000| Untracked 
|  96|0x0000000088400000, 0x0000000088400000, 0x0000000088500000|  0%| F|  |TAMS 0x0000000088400000, 0x0000000088400000| Untracked 
|  97|0x0000000088500000, 0x0000000088500000, 0x0000000088600000|  0%| F|  |TAMS 0x0000000088500000, 0x0000000088500000| Untracked 
|  98|0x0000000088600000, 0x0000000088600000, 0x0000000088700000|  0%| F|  |TAMS 0x0000000088600000, 0x0000000088600000| Untracked 
|  99|0x0000000088700000, 0x0000000088700000, 0x0000000088800000|  0%| F|  |TAMS 0x0000000088700000, 0x0000000088700000| Untracked 
| 100|0x0000000088800000, 0x0000000088900000, 0x0000000088900000|100%| S|CS|TAMS 0x0000000088800000, 0x0000000088800000| Complete 
| 101|0x0000000088900000, 0x0000000088a00000, 0x0000000088a00000|100%| S|CS|TAMS 0x0000000088900000, 0x0000000088900000| Complete 
| 102|0x0000000088a00000, 0x0000000088b00000, 0x0000000088b00000|100%| S|CS|TAMS 0x0000000088a00000, 0x0000000088a00000| Complete 
| 103|0x0000000088b00000, 0x0000000088b00000, 0x0000000088c00000|  0%| F|  |TAMS 0x0000000088b00000, 0x0000000088b00000| Untracked 
| 104|0x0000000088c00000, 0x0000000088c00000, 0x0000000088d00000|  0%| F|  |TAMS 0x0000000088c00000, 0x0000000088c00000| Untracked 
| 105|0x0000000088d00000, 0x0000000088d00000, 0x0000000088e00000|  0%| F|  |TAMS 0x0000000088d00000, 0x0000000088d00000| Untracked 
| 106|0x0000000088e00000, 0x0000000088e00000, 0x0000000088f00000|  0%| F|  |TAMS 0x0000000088e00000, 0x0000000088e00000| Untracked 
| 107|0x0000000088f00000, 0x0000000088f00000, 0x0000000089000000|  0%| F|  |TAMS 0x0000000088f00000, 0x0000000088f00000| Untracked 
| 108|0x0000000089000000, 0x0000000089000000, 0x0000000089100000|  0%| F|  |TAMS 0x0000000089000000, 0x0000000089000000| Untracked 
| 109|0x0000000089100000, 0x0000000089100000, 0x0000000089200000|  0%| F|  |TAMS 0x0000000089100000, 0x0000000089100000| Untracked 
| 110|0x0000000089200000, 0x0000000089200000, 0x0000000089300000|  0%| F|  |TAMS 0x0000000089200000, 0x0000000089200000| Untracked 
| 111|0x0000000089300000, 0x0000000089300000, 0x0000000089400000|  0%| F|  |TAMS 0x0000000089300000, 0x0000000089300000| Untracked 
| 112|0x0000000089400000, 0x0000000089400000, 0x0000000089500000|  0%| F|  |TAMS 0x0000000089400000, 0x0000000089400000| Untracked 
| 113|0x0000000089500000, 0x0000000089500000, 0x0000000089600000|  0%| F|  |TAMS 0x0000000089500000, 0x0000000089500000| Untracked 
| 114|0x0000000089600000, 0x0000000089600000, 0x0000000089700000|  0%| F|  |TAMS 0x0000000089600000, 0x0000000089600000| Untracked 
| 115|0x0000000089700000, 0x0000000089700000, 0x0000000089800000|  0%| F|  |TAMS 0x0000000089700000, 0x0000000089700000| Untracked 
| 116|0x0000000089800000, 0x0000000089800000, 0x0000000089900000|  0%| F|  |TAMS 0x0000000089800000, 0x0000000089800000| Untracked 
| 117|0x0000000089900000, 0x0000000089900000, 0x0000000089a00000|  0%| F|  |TAMS 0x0000000089900000, 0x0000000089900000| Untracked 
| 118|0x0000000089a00000, 0x0000000089a00000, 0x0000000089b00000|  0%| F|  |TAMS 0x0000000089a00000, 0x0000000089a00000| Untracked 
| 119|0x0000000089b00000, 0x0000000089c00000, 0x0000000089c00000|100%| E|  |TAMS 0x0000000089b00000, 0x0000000089b00000| Complete 
| 120|0x0000000089c00000, 0x0000000089d00000, 0x0000000089d00000|100%| E|CS|TAMS 0x0000000089c00000, 0x0000000089c00000| Complete 
| 121|0x0000000089d00000, 0x0000000089e00000, 0x0000000089e00000|100%| E|CS|TAMS 0x0000000089d00000, 0x0000000089d00000| Complete 
| 122|0x0000000089e00000, 0x0000000089f00000, 0x0000000089f00000|100%| E|CS|TAMS 0x0000000089e00000, 0x0000000089e00000| Complete 
| 123|0x0000000089f00000, 0x000000008a000000, 0x000000008a000000|100%| E|CS|TAMS 0x0000000089f00000, 0x0000000089f00000| Complete 
| 124|0x000000008a000000, 0x000000008a100000, 0x000000008a100000|100%| E|CS|TAMS 0x000000008a000000, 0x000000008a000000| Complete 
| 125|0x000000008a100000, 0x000000008a200000, 0x000000008a200000|100%| E|CS|TAMS 0x000000008a100000, 0x000000008a100000| Complete 

Card table byte_map: [0x0000024260140000,0x0000024260530000] _byte_map_base: 0x000002425fd2e000

Marking Bits (Prev, Next): (CMBitMap*) 0x000002424926a1f0, (CMBitMap*) 0x000002424926a230
 Prev Bits: [0x0000024260920000, 0x0000024262890000)
 Next Bits: [0x0000024262890000, 0x0000024264800000)

Polling page: 0x00000242471c0000

Metaspace:

Usage:
  Non-class:      5.82 MB used.
      Class:    854.05 KB used.
       Both:      6.65 MB used.

Virtual space:
  Non-class space:        8.00 MB reserved,       5.88 MB ( 73%) committed,  1 nodes.
      Class space:        1.00 GB reserved,     960.00 KB ( <1%) committed,  1 nodes.
             Both:        1.01 GB reserved,       6.81 MB ( <1%) committed. 

Chunk freelists:
   Non-Class:  1.12 MB
       Class:  2.92 MB
        Both:  4.04 MB

MaxMetaspaceSize: unlimited
CompressedClassSpaceSize: 1.00 GB
Initial GC threshold: 21.00 MB
Current GC threshold: 21.00 MB
CDS: on
MetaspaceReclaimPolicy: balanced
 - commit_granule_bytes: 65536.
 - commit_granule_words: 8192.
 - virtual_space_node_default_size: 1048576.
 - enlarge_chunks_in_place: 1.
 - new_chunks_are_fully_committed: 0.
 - uncommit_free_chunks: 1.
 - use_allocation_guard: 0.
 - handle_deallocations: 1.


Internal statistics:

num_allocs_failed_limit: 0.
num_arena_births: 152.
num_arena_deaths: 0.
num_vsnodes_births: 2.
num_vsnodes_deaths: 0.
num_space_committed: 109.
num_space_uncommitted: 0.
num_chunks_returned_to_freelist: 0.
num_chunks_taken_from_freelist: 374.
num_chunk_merges: 0.
num_chunk_splits: 215.
num_chunks_enlarged: 134.
num_purges: 0.
num_inconsistent_stats: 0.

CodeHeap 'non-profiled nmethods': size=120000Kb used=487Kb max_used=487Kb free=119513Kb
 bounds [0x00000242584f0000, 0x0000024258760000, 0x000002425fa20000]
CodeHeap 'profiled nmethods': size=120000Kb used=2549Kb max_used=2549Kb free=117450Kb
 bounds [0x0000024250fc0000, 0x0000024251240000, 0x00000242584f0000]
CodeHeap 'non-nmethods': size=5760Kb used=1145Kb max_used=1166Kb free=4614Kb
 bounds [0x0000024250a20000, 0x0000024250c90000, 0x0000024250fc0000]
 total_blobs=1789 nmethods=1353 adapters=349
 compilation: enabled
              stopped_count=0, restarted_count=0
 full_count=0

Compilation events (20 events):
Event: 4.594 Thread 0x000002426720a290 nmethod 1305 0x0000024251225990 code [0x0000024251225b60, 0x0000024251225ec8]
Event: 4.594 Thread 0x000002426720a290 1306       3       java.io.DataInputStream::readFully (9 bytes)
Event: 4.594 Thread 0x000002426720a290 nmethod 1306 0x0000024251226010 code [0x00000242512261c0, 0x0000024251226308]
Event: 4.595 Thread 0x000002426720a290 1307       3       java.util.concurrent.ConcurrentHashMap$Node::<init> (14 bytes)
Event: 4.595 Thread 0x00000242686daee0 1308  s    4       java.io.BufferedInputStream::read (49 bytes)
Event: 4.595 Thread 0x000002426720a290 nmethod 1307 0x0000024251226410 code [0x00000242512265c0, 0x00000242512268b8]
Event: 4.595 Thread 0x000002426720a290 1309       3       java.util.Arrays$ArrayItr::hasNext (18 bytes)
Event: 4.595 Thread 0x000002426720a290 nmethod 1309 0x0000024251226990 code [0x0000024251226b20, 0x0000024251226c98]
Event: 4.595 Thread 0x000002426720a290 1310       3       java.util.Arrays$ArrayItr::next (36 bytes)
Event: 4.595 Thread 0x000002426720a290 nmethod 1310 0x0000024251226d90 code [0x0000024251226f40, 0x0000024251227128]
Event: 4.595 Thread 0x00000242672063e0 1311   !   4       java.util.concurrent.ConcurrentHashMap::putVal (432 bytes)
Event: 4.595 Thread 0x000002426720a290 1313       3       java.util.concurrent.ConcurrentHashMap$KeyIterator::next (34 bytes)
Event: 4.596 Thread 0x000002426720a290 nmethod 1313 0x0000024251227210 code [0x00000242512273c0, 0x0000024251227618]
Event: 4.596 Thread 0x000002426720a290 1314       3       java.security.AccessController::executePrivileged (65 bytes)
Event: 4.596 Thread 0x000002426720a290 nmethod 1314 0x0000024251227710 code [0x00000242512278e0, 0x0000024251227bd8]
Event: 4.596 Thread 0x00000242686daee0 nmethod 1308 0x0000024258567a10 code [0x0000024258567ba0, 0x0000024258567f48]
Event: 4.596 Thread 0x00000242686daee0 1312       4       java.util.concurrent.ConcurrentHashMap::addCount (280 bytes)
Event: 4.598 Thread 0x00000242686daee0 nmethod 1312 0x0000024258568090 code [0x0000024258568240, 0x00000242585684a8]
Event: 4.598 Thread 0x00000242686daee0 1315       4       java.lang.String::lastIndexOf (12 bytes)
Event: 4.601 Thread 0x00000242686daee0 nmethod 1315 0x0000024258568790 code [0x0000024258568920, 0x0000024258568b98]

GC Heap History (2 events):
Event: 4.209 GC heap before
{Heap before GC invocations=0 (full 0):
 garbage-first heap   total 129024K, used 23552K [0x0000000082400000, 0x0000000100000000)
  region size 1024K, 23 young (23552K), 0 survivors (0K)
 Metaspace       used 4914K, committed 5056K, reserved 1056768K
  class space    used 606K, committed 704K, reserved 1048576K
}
Event: 4.215 GC heap after
{Heap after GC invocations=1 (full 0):
 garbage-first heap   total 129024K, used 7531K [0x0000000082400000, 0x0000000100000000)
  region size 1024K, 3 young (3072K), 3 survivors (3072K)
 Metaspace       used 4914K, committed 5056K, reserved 1056768K
  class space    used 606K, committed 704K, reserved 1048576K
}

Deoptimization events (20 events):
Event: 4.156 Thread 0x000002424922d160 Uncommon trap: trap_request=0xffffffde fr.pc=0x00000242585563c8 relative=0x0000000000000128
Event: 4.156 Thread 0x000002424922d160 Uncommon trap: reason=class_check action=maybe_recompile pc=0x00000242585563c8 method=jdk.internal.misc.Unsafe.allocateUninitializedArray(Ljava/lang/Class;I)Ljava/lang/Object; @ 51 c2
Event: 4.156 Thread 0x000002424922d160 DEOPT PACKING pc=0x00000242585563c8 sp=0x000000e2f67fc6c0
Event: 4.156 Thread 0x000002424922d160 DEOPT UNPACKING pc=0x0000024250a723a3 sp=0x000000e2f67fc648 mode 2
Event: 4.156 Thread 0x000002424922d160 Uncommon trap: trap_request=0xffffffde fr.pc=0x00000242585563c8 relative=0x0000000000000128
Event: 4.156 Thread 0x000002424922d160 Uncommon trap: reason=class_check action=maybe_recompile pc=0x00000242585563c8 method=jdk.internal.misc.Unsafe.allocateUninitializedArray(Ljava/lang/Class;I)Ljava/lang/Object; @ 51 c2
Event: 4.156 Thread 0x000002424922d160 DEOPT PACKING pc=0x00000242585563c8 sp=0x000000e2f67fcfe0
Event: 4.156 Thread 0x000002424922d160 DEOPT UNPACKING pc=0x0000024250a723a3 sp=0x000000e2f67fcf68 mode 2
Event: 4.287 Thread 0x000002424922d160 Uncommon trap: trap_request=0xffffff45 fr.pc=0x0000024258554b84 relative=0x0000000000000064
Event: 4.287 Thread 0x000002424922d160 Uncommon trap: reason=unstable_if action=reinterpret pc=0x0000024258554b84 method=sun.net.www.ParseUtil.firstEncodeIndex(Ljava/lang/String;)I @ 51 c2
Event: 4.287 Thread 0x000002424922d160 DEOPT PACKING pc=0x0000024258554b84 sp=0x000000e2f67fb410
Event: 4.287 Thread 0x000002424922d160 DEOPT UNPACKING pc=0x0000024250a723a3 sp=0x000000e2f67fb398 mode 2
Event: 4.471 Thread 0x000002424922d160 Uncommon trap: trap_request=0xffffff45 fr.pc=0x00000242585648e8 relative=0x0000000000000248
Event: 4.471 Thread 0x000002424922d160 Uncommon trap: reason=unstable_if action=reinterpret pc=0x00000242585648e8 method=java.io.BufferedReader.read()I @ 19 c2
Event: 4.471 Thread 0x000002424922d160 DEOPT PACKING pc=0x00000242585648e8 sp=0x000000e2f67fb260
Event: 4.471 Thread 0x000002424922d160 DEOPT UNPACKING pc=0x0000024250a723a3 sp=0x000000e2f67fb1a0 mode 2
Event: 4.487 Thread 0x000002424922d160 Uncommon trap: trap_request=0xffffff45 fr.pc=0x0000024258564f7c relative=0x000000000000025c
Event: 4.487 Thread 0x000002424922d160 Uncommon trap: reason=unstable_if action=reinterpret pc=0x0000024258564f7c method=java.io.BufferedReader.read()I @ 19 c2
Event: 4.487 Thread 0x000002424922d160 DEOPT PACKING pc=0x0000024258564f7c sp=0x000000e2f67fb0c0
Event: 4.487 Thread 0x000002424922d160 DEOPT UNPACKING pc=0x0000024250a723a3 sp=0x000000e2f67fb070 mode 2

Classes unloaded (0 events):
No events

Classes redefined (0 events):
No events

Internal exceptions (20 events):
Event: 3.901 Thread 0x000002424922d160 Exception <a 'java/lang/IncompatibleClassChangeError'{0x00000000891fc5e8}: Found class java.lang.Object, but interface was expected> (0x00000000891fc5e8) 
thrown [t:\workspace\open\src\hotspot\share\interpreter\linkResolver.cpp, line 833]
Event: 4.039 Thread 0x000002424922d160 Exception <a 'java/lang/NoSuchMethodError'{0x0000000088ffe300}: 'java.lang.Object java.lang.invoke.DirectMethodHandle$Holder.invokeInterface(java.lang.Object, java.lang.Object, java.lang.Object)'> (0x0000000088ffe300) 
thrown [t:\workspace\open\src\hotspot\share\interpreter\linkResolver.cpp, line 766]
Event: 4.047 Thread 0x000002424922d160 Exception <a 'java/lang/NoSuchMethodError'{0x0000000088e286d8}: 'void java.lang.invoke.DirectMethodHandle$Holder.invokeInterface(java.lang.Object, java.lang.Object, java.lang.Object)'> (0x0000000088e286d8) 
thrown [t:\workspace\open\src\hotspot\share\interpreter\linkResolver.cpp, line 766]
Event: 4.059 Thread 0x000002424922d160 Exception <a 'java/lang/NoSuchMethodError'{0x0000000088ea8de8}: 'void java.lang.invoke.DirectMethodHandle$Holder.invokeInterface(java.lang.Object, java.lang.Object, java.lang.Object, java.lang.Object, java.lang.Object)'> (0x0000000088ea8de8) 
thrown [t:\workspace\open\src\hotspot\share\interpreter\linkResolver.cpp, line 766]
Event: 4.059 Thread 0x000002424922d160 Exception <a 'java/lang/IncompatibleClassChangeError'{0x0000000088eacab8}: Found class java.lang.Object, but interface was expected> (0x0000000088eacab8) 
thrown [t:\workspace\open\src\hotspot\share\interpreter\linkResolver.cpp, line 833]
Event: 4.064 Thread 0x000002424922d160 Exception <a 'java/lang/IncompatibleClassChangeError'{0x0000000088ed49d0}: Found class java.lang.Object, but interface was expected> (0x0000000088ed49d0) 
thrown [t:\workspace\open\src\hotspot\share\interpreter\linkResolver.cpp, line 833]
Event: 4.067 Thread 0x000002424922d160 Exception <a 'java/lang/NoSuchMethodError'{0x0000000088ef1b60}: 'java.lang.Object java.lang.invoke.DirectMethodHandle$Holder.invokeStatic(java.lang.Object, java.lang.Object, int)'> (0x0000000088ef1b60) 
thrown [t:\workspace\open\src\hotspot\share\interpreter\linkResolver.cpp, line 766]
Event: 4.078 Thread 0x000002424922d160 Exception <a 'java/lang/NoSuchMethodError'{0x0000000088d45b58}: 'void java.lang.invoke.DirectMethodHandle$Holder.invokeSpecial(java.lang.Object, java.lang.Object, java.lang.Object, java.lang.Object, java.lang.Object)'> (0x0000000088d45b58) 
thrown [t:\workspace\open\src\hotspot\share\interpreter\linkResolver.cpp, line 766]
Event: 4.104 Thread 0x000002424922d160 Exception <a 'java/lang/NoSuchMethodError'{0x0000000088daab88}: 'void java.lang.invoke.DirectMethodHandle$Holder.invokeInterface(java.lang.Object, java.lang.Object, java.lang.Object, java.lang.Object)'> (0x0000000088daab88) 
thrown [t:\workspace\open\src\hotspot\share\interpreter\linkResolver.cpp, line 766]
Event: 4.104 Thread 0x000002424922d160 Exception <a 'java/lang/IncompatibleClassChangeError'{0x0000000088dae4b0}: Found class java.lang.Object, but interface was expected> (0x0000000088dae4b0) 
thrown [t:\workspace\open\src\hotspot\share\interpreter\linkResolver.cpp, line 833]
Event: 4.110 Thread 0x000002424922d160 Exception <a 'java/lang/NoSuchMethodError'{0x0000000088dd3e00}: 'void java.lang.invoke.DirectMethodHandle$Holder.invokeStatic(java.lang.Object, java.lang.Object, java.lang.Object, java.lang.Object)'> (0x0000000088dd3e00) 
thrown [t:\workspace\open\src\hotspot\share\interpreter\linkResolver.cpp, line 766]
Event: 4.114 Thread 0x000002424922d160 Exception <a 'java/lang/NoSuchMethodError'{0x0000000088df8778}: 'java.lang.Object java.lang.invoke.DirectMethodHandle$Holder.newInvokeSpecial(java.lang.Object, java.lang.Object, int)'> (0x0000000088df8778) 
thrown [t:\workspace\open\src\hotspot\share\interpreter\linkResolver.cpp, line 766]
Event: 4.142 Thread 0x000002424922d160 Exception <a 'java/lang/NoSuchMethodError'{0x0000000088c7d8c0}: 'int java.lang.invoke.DirectMethodHandle$Holder.invokeStatic(java.lang.Object, java.lang.Object, java.lang.Object, java.lang.Object)'> (0x0000000088c7d8c0) 
thrown [t:\workspace\open\src\hotspot\share\interpreter\linkResolver.cpp, line 766]
Event: 4.142 Thread 0x000002424922d160 Exception <a 'java/lang/NoSuchMethodError'{0x0000000088c81240}: 'java.lang.Object java.lang.invoke.Invokers$Holder.invokeExact_MT(java.lang.Object, java.lang.Object, java.lang.Object, java.lang.Object, java.lang.Object, java.lang.Object)'> (0x0000000088c81240) 
thrown [t:\workspace\open\src\hotspot\share\interpreter\linkResolver.cpp, line 766]
Event: 4.157 Thread 0x000002424922d160 Exception <a 'java/lang/NoSuchMethodError'{0x0000000088c90fb0}: 'int java.lang.invoke.DirectMethodHandle$Holder.invokeStatic(java.lang.Object, java.lang.Object, java.lang.Object, java.lang.Object, java.lang.Object)'> (0x0000000088c90fb0) 
thrown [t:\workspace\open\src\hotspot\share\interpreter\linkResolver.cpp, line 766]
Event: 4.196 Thread 0x000002424922d160 Exception <a 'java/lang/NoSuchMethodError'{0x0000000088bd57a0}: 'int java.lang.invoke.DirectMethodHandle$Holder.invokeStaticInit(java.lang.Object, java.lang.Object)'> (0x0000000088bd57a0) 
thrown [t:\workspace\open\src\hotspot\share\interpreter\linkResolver.cpp, line 766]
Event: 4.365 Thread 0x000002424922d160 Exception <a 'java/lang/NoSuchMethodError'{0x0000000089eabbf0}: 'java.lang.Object java.lang.invoke.DirectMethodHandle$Holder.invokeSpecial(java.lang.Object, java.lang.Object, java.lang.Object, long, java.lang.Object)'> (0x0000000089eabbf0) 
thrown [t:\workspace\open\src\hotspot\share\interpreter\linkResolver.cpp, line 766]
Event: 4.366 Thread 0x000002424922d160 Exception <a 'java/lang/NoSuchMethodError'{0x0000000089eafa68}: 'java.lang.Object java.lang.invoke.Invokers$Holder.linkToTargetMethod(java.lang.Object, long, java.lang.Object, java.lang.Object)'> (0x0000000089eafa68) 
thrown [t:\workspace\open\src\hotspot\share\interpreter\linkResolver.cpp, line 766]
Event: 4.467 Thread 0x000002424922d160 Exception <a 'java/lang/ClassNotFoundException'{0x0000000089ed92a8}: javax/smartcardio/CardPermission> (0x0000000089ed92a8) 
thrown [t:\workspace\open\src\hotspot\share\classfile\systemDictionary.cpp, line 256]
Event: 4.488 Thread 0x000002424922d160 Exception <a 'java/io/FileNotFoundException'{0x0000000089ee7cd0}> (0x0000000089ee7cd0) 
thrown [t:\workspace\open\src\hotspot\share\prims\jni.cpp, line 516]

VM Operations (18 events):
Event: 0.545 Executing VM operation: HandshakeAllThreads
Event: 0.545 Executing VM operation: HandshakeAllThreads done
Event: 1.540 Executing VM operation: Cleanup
Event: 1.540 Executing VM operation: Cleanup done
Event: 2.547 Executing VM operation: Cleanup
Event: 2.547 Executing VM operation: Cleanup done
Event: 2.656 Executing VM operation: HandshakeAllThreads
Event: 2.656 Executing VM operation: HandshakeAllThreads done
Event: 3.245 Executing VM operation: HandshakeAllThreads
Event: 3.245 Executing VM operation: HandshakeAllThreads done
Event: 3.465 Executing VM operation: HandshakeAllThreads
Event: 3.465 Executing VM operation: HandshakeAllThreads done
Event: 4.208 Executing VM operation: G1CollectForAllocation
Event: 4.215 Executing VM operation: G1CollectForAllocation done
Event: 4.287 Executing VM operation: HandshakeAllThreads
Event: 4.287 Executing VM operation: HandshakeAllThreads done
Event: 4.506 Executing VM operation: HandshakeAllThreads
Event: 4.506 Executing VM operation: HandshakeAllThreads done

Events (20 events):
Event: 4.505 loading class java/util/PropertyPermissionCollection
Event: 4.505 loading class java/util/PropertyPermissionCollection done
Event: 4.505 loading class java/util/PropertyPermissionCollection$1
Event: 4.505 loading class java/util/PropertyPermissionCollection$1 done
Event: 4.506 loading class java/io/FilePermissionCollection
Event: 4.506 loading class java/io/FilePermissionCollection done
Event: 4.506 loading class java/io/FilePermissionCollection$1
Event: 4.506 loading class java/io/FilePermissionCollection$1 done
Event: 4.506 loading class java/security/PermissionsEnumerator
Event: 4.506 loading class java/security/PermissionsEnumerator done
Event: 4.506 loading class java/security/AccessControlException
Event: 4.506 loading class java/security/AccessControlException done
Event: 4.573 loading class java/time/zone/ZoneRulesProvider
Event: 4.583 loading class java/time/zone/ZoneRulesProvider done
Event: 4.583 loading class java/time/zone/ZoneRulesProvider$1
Event: 4.583 loading class java/time/zone/ZoneRulesProvider$1 done
Event: 4.583 loading class java/time/zone/TzdbZoneRulesProvider
Event: 4.593 loading class java/time/zone/TzdbZoneRulesProvider done
Event: 4.596 loading class java/time/zone/Ser
Event: 4.597 loading class java/time/zone/Ser done


Dynamic libraries:
0x00007ff6e2550000 - 0x00007ff6e2560000 	C:\Program Files\Java\jdk-17\bin\java.exe
0x00007ffe878d0000 - 0x00007ffe87ae7000 	C:\WINDOWS\SYSTEM32\ntdll.dll
0x00007ffe86850000 - 0x00007ffe86914000 	C:\WINDOWS\System32\KERNEL32.DLL
0x00007ffe84ec0000 - 0x00007ffe85265000 	C:\WINDOWS\System32\KERNELBASE.dll
0x00007ffe85390000 - 0x00007ffe854a1000 	C:\WINDOWS\System32\ucrtbase.dll
0x00007ffe73430000 - 0x00007ffe73448000 	C:\Program Files\Java\jdk-17\bin\jli.dll
0x00007ffe73410000 - 0x00007ffe7342a000 	C:\Program Files\Java\jdk-17\bin\VCRUNTIME140.dll
0x00007ffe87370000 - 0x00007ffe87421000 	C:\WINDOWS\System32\ADVAPI32.dll
0x00007ffe87500000 - 0x00007ffe875a7000 	C:\WINDOWS\System32\msvcrt.dll
0x00007ffe87250000 - 0x00007ffe872f6000 	C:\WINDOWS\System32\sechost.dll
0x00007ffe86290000 - 0x00007ffe863a7000 	C:\WINDOWS\System32\RPCRT4.dll
0x00007ffe85730000 - 0x00007ffe858de000 	C:\WINDOWS\System32\USER32.dll
0x00007ffe83ee0000 - 0x00007ffe84173000 	C:\WINDOWS\WinSxS\amd64_microsoft.windows.common-controls_6595b64144ccf1df_6.0.22621.2506_none_270c5ae97388e100\COMCTL32.dll
0x00007ffe87840000 - 0x00007ffe87869000 	C:\WINDOWS\System32\GDI32.dll
0x00007ffe84e90000 - 0x00007ffe84eb6000 	C:\WINDOWS\System32\win32u.dll
0x00007ffe85270000 - 0x00007ffe85389000 	C:\WINDOWS\System32\gdi32full.dll
0x00007ffe84c40000 - 0x00007ffe84cda000 	C:\WINDOWS\System32\msvcp_win.dll
0x00007ffe7cb40000 - 0x00007ffe7cb4a000 	C:\WINDOWS\SYSTEM32\VERSION.dll
0x00007ffe87440000 - 0x00007ffe87471000 	C:\WINDOWS\System32\IMM32.DLL
0x00007ffe73350000 - 0x00007ffe7335c000 	C:\Program Files\Java\jdk-17\bin\vcruntime140_1.dll
0x00007ffe4cab0000 - 0x00007ffe4cb3d000 	C:\Program Files\Java\jdk-17\bin\msvcp140.dll
0x00007ffe2bd70000 - 0x00007ffe2c92e000 	C:\Program Files\Java\jdk-17\bin\server\jvm.dll
0x00007ffe86da0000 - 0x00007ffe86da8000 	C:\WINDOWS\System32\PSAPI.DLL
0x00007ffe68be0000 - 0x00007ffe68be9000 	C:\WINDOWS\SYSTEM32\WSOCK32.dll
0x00007ffe7c0d0000 - 0x00007ffe7c104000 	C:\WINDOWS\SYSTEM32\WINMM.dll
0x00007ffe87480000 - 0x00007ffe874f1000 	C:\WINDOWS\System32\WS2_32.dll
0x00007ffe833c0000 - 0x00007ffe833d8000 	C:\WINDOWS\SYSTEM32\kernel.appcore.dll
0x00007ffe73340000 - 0x00007ffe7334a000 	C:\Program Files\Java\jdk-17\bin\jimage.dll
0x00007ffe845d0000 - 0x00007ffe84803000 	C:\WINDOWS\SYSTEM32\DBGHELP.DLL
0x00007ffe86970000 - 0x00007ffe86cf9000 	C:\WINDOWS\System32\combase.dll
0x00007ffe864b0000 - 0x00007ffe86587000 	C:\WINDOWS\System32\OLEAUT32.dll
0x00007ffe84360000 - 0x00007ffe84392000 	C:\WINDOWS\SYSTEM32\dbgcore.DLL
0x00007ffe84ce0000 - 0x00007ffe84d5a000 	C:\WINDOWS\System32\bcryptPrimitives.dll
0x00007ffe73460000 - 0x00007ffe7346e000 	C:\Program Files\Java\jdk-17\bin\instrument.dll
0x00007ffe60570000 - 0x00007ffe60595000 	C:\Program Files\Java\jdk-17\bin\java.dll
0x00007ffe41a70000 - 0x00007ffe41b46000 	C:\Program Files\Java\jdk-17\bin\svml.dll
0x00007ffe858e0000 - 0x00007ffe86139000 	C:\WINDOWS\System32\SHELL32.dll
0x00007ffe82150000 - 0x00007ffe82a44000 	C:\WINDOWS\SYSTEM32\windows.storage.dll
0x00007ffe81f00000 - 0x00007ffe8203e000 	C:\WINDOWS\SYSTEM32\wintypes.dll
0x00007ffe86750000 - 0x00007ffe86843000 	C:\WINDOWS\System32\SHCORE.dll
0x00007ffe87310000 - 0x00007ffe8736e000 	C:\WINDOWS\System32\shlwapi.dll
0x00007ffe84b70000 - 0x00007ffe84b96000 	C:\WINDOWS\SYSTEM32\profapi.dll
0x00007ffe5fc50000 - 0x00007ffe5fc68000 	C:\Program Files\Java\jdk-17\bin\zip.dll
0x00007ffe5fd80000 - 0x00007ffe5fd99000 	C:\Program Files\Java\jdk-17\bin\net.dll
0x00007ffe7c320000 - 0x00007ffe7c457000 	C:\WINDOWS\SYSTEM32\WINHTTP.dll
0x00007ffe839a0000 - 0x00007ffe83a09000 	C:\WINDOWS\system32\mswsock.dll
0x00007ffe5fd60000 - 0x00007ffe5fd75000 	C:\Program Files\Java\jdk-17\bin\nio.dll
0x00007ffe67870000 - 0x00007ffe6788a000 	C:\Program Files\JetBrains\IntelliJ IDEA 2023.2.3\bin\breakgen64.dll

dbghelp: loaded successfully - version: 4.0.5 - missing functions: none
symbol engine: initialized successfully - sym options: 0x614 - pdb path: .;C:\Program Files\Java\jdk-17\bin;C:\WINDOWS\SYSTEM32;C:\WINDOWS\WinSxS\amd64_microsoft.windows.common-controls_6595b64144ccf1df_6.0.22621.2506_none_270c5ae97388e100;C:\Program Files\Java\jdk-17\bin\server;C:\Program Files\JetBrains\IntelliJ IDEA 2023.2.3\bin

VM Arguments:
jvm_args: -ea -Didea.test.cyclic.buffer.size=1048576 -javaagent:C:\Program Files\JetBrains\IntelliJ IDEA 2023.2.3\lib\idea_rt.jar=63284:C:\Program Files\JetBrains\IntelliJ IDEA 2023.2.3\bin -Dfile.encoding=UTF-8 
java_command: com.intellij.rt.junit.JUnitStarter -ideVersion5 -junit5 @w@C:\Users\Asus\AppData\Local\Temp\idea_working_dirs_junit.tmp @C:\Users\Asus\AppData\Local\Temp\idea_junit.tmp -socket63283
java_class_path (initial): C:\Users\Asus\.m2\repository\org\junit\platform\junit-platform-launcher\1.9.3\junit-platform-launcher-1.9.3.jar;C:\Program Files\JetBrains\IntelliJ IDEA 2023.2.3\lib\idea_rt.jar;C:\Program Files\JetBrains\IntelliJ IDEA 2023.2.3\plugins\junit\lib\junit5-rt.jar;C:\Program Files\JetBrains\IntelliJ IDEA 2023.2.3\plugins\junit\lib\junit-rt.jar;C:\Users\Asus\Documents\APP\demo\target\test-classes;C:\Users\Asus\Documents\APP\demo\target\classes;C:\Users\Asus\.m2\repository\org\springframework\boot\spring-boot-starter-data-jpa\3.1.5\spring-boot-starter-data-jpa-3.1.5.jar;C:\Users\Asus\.m2\repository\org\springframework\boot\spring-boot-starter-aop\3.1.5\spring-boot-starter-aop-3.1.5.jar;C:\Users\Asus\.m2\repository\org\springframework\spring-aop\6.0.13\spring-aop-6.0.13.jar;C:\Users\Asus\.m2\repository\org\aspectj\aspectjweaver\1.9.20\aspectjweaver-1.9.20.jar;C:\Users\Asus\.m2\repository\org\springframework\boot\spring-boot-starter-jdbc\3.1.5\spring-boot-starter-jdbc-3.1.5.jar;C:\Users\Asus\.m2\repository\com\zaxxer\HikariCP\5.0.1\HikariCP-5.0.1.jar;C:\Users\Asus\.m2\repository\org\springframework\spring-jdbc\6.0.13\spring-jdbc-6.0.13.jar;C:\Users\Asus\.m2\repository\org\hibernate\orm\hibernate-core\6.2.13.Final\hibernate-core-6.2.13.Final.jar;C:\Users\Asus\.m2\repository\jakarta\persistence\jakarta.persistence-api\3.1.0\jakarta.persistence-api-3.1.0.jar;C:\Users\Asus\.m2\repository\jakarta\transaction\jakarta.transaction-api\2.0.1\jakarta.transaction-api-2.0.1.jar;C:\Users\Asus\.m2\repository\org\jboss\logging\jboss-logging\3.5.3.Final\jboss-logging-3.5.3.Final.jar;C:\Users\Asus\.m2\repository\org\hibernate\common\hibernate-commons-annotations\6.0.6.Final\hibernate-commons-annotations-6.0.6.Final.jar;C:\Users\Asus\.m2\repository\io\smallrye\jandex\3.0.5\jandex-3.0.5.jar;C:\Users\Asus\.m2\repository\com\fasterxml\classmate\1.5.1\classmate-1.5.1.jar;C:\Users\Asus\.m2\repository\net\bytebuddy\byte-buddy\1.14.9\byte-buddy-1.14.9.jar;C:\Users\Asus\.
Launcher Type: SUN_STANDARD

[Global flags]
     intx CICompilerCount                          = 4                                         {product} {ergonomic}
     uint ConcGCThreads                            = 2                                         {product} {ergonomic}
     uint G1ConcRefinementThreads                  = 8                                         {product} {ergonomic}
   size_t G1HeapRegionSize                         = 1048576                                   {product} {ergonomic}
    uintx GCDrainStackTargetSize                   = 64                                        {product} {ergonomic}
   size_t InitialHeapSize                          = 132120576                                 {product} {ergonomic}
   size_t MarkStackSize                            = 4194304                                   {product} {ergonomic}
   size_t MaxHeapSize                              = 2109734912                                {product} {ergonomic}
   size_t MaxNewSize                               = 1265631232                                {product} {ergonomic}
   size_t MinHeapDeltaBytes                        = 1048576                                   {product} {ergonomic}
   size_t MinHeapSize                              = 8388608                                   {product} {ergonomic}
    uintx NonNMethodCodeHeapSize                   = 5839372                                {pd product} {ergonomic}
    uintx NonProfiledCodeHeapSize                  = 122909434                              {pd product} {ergonomic}
    uintx ProfiledCodeHeapSize                     = 122909434                              {pd product} {ergonomic}
    uintx ReservedCodeCacheSize                    = 251658240                              {pd product} {ergonomic}
     bool SegmentedCodeCache                       = true                                      {product} {ergonomic}
   size_t SoftMaxHeapSize                          = 2109734912                             {manageable} {ergonomic}
     bool UseCompressedClassPointers               = true                           {product lp64_product} {ergonomic}
     bool UseCompressedOops                        = true                           {product lp64_product} {ergonomic}
     bool UseG1GC                                  = true                                      {product} {ergonomic}
     bool UseLargePagesIndividualAllocation        = false                                  {pd product} {ergonomic}

Logging:
Log output configuration:
 #0: stdout all=warning uptime,level,tags
 #1: stderr all=off uptime,level,tags

Environment Variables:
PATH=C:\Program Files\Common Files\Oracle\Java\javapath;C:\Windows\system32;C:\Windows;C:\Windows\System32\Wbem;C:\Windows\System32\WindowsPowerShell\v1.0\;C:\Windows\System32\OpenSSH\;C:\Program Files (x86)\NVIDIA Corporation\PhysX\Common;C:\Program Files\NVIDIA Corporation\NVIDIA NvDLISR;C:\WINDOWS\system32;C:\WINDOWS;C:\WINDOWS\System32\Wbem;C:\WINDOWS\System32\WindowsPowerShell\v1.0\;C:\WINDOWS\System32\OpenSSH\;C:\Program Files\dotnet\;C:\Program Files (x86)\dotnet\;C:\Program Files\Microsoft SQL Server\Client SDK\ODBC\130\Tools\Binn\;C:\Program Files (x86)\Microsoft SQL Server\140\Tools\Binn\;C:\Program Files\Microsoft SQL Server\140\Tools\Binn\;C:\Program Files\Microsoft SQL Server\140\DTS\Binn\;C:\Program Files\Git\cmd;C:\Program Files\Git\mingw64\bin;C:\Program Files\Git\usr\bin;C:\Program Files\nodejs\;C:\Users\Asus\AppData\Local\Programs\Python\Python311\Scripts;C:\Users\Asus\AppData\Local\Programs\Python\Python311\;C:\Program Files\MySQL\MySQL Shell 8.0\bin\;C:\Users\Asus\AppData\Local\Microsoft\WindowsApps;C:\Users\Asus\AppData\Local\Programs\Microsoft VS Code\bin;C:\Users\Asus\AppData\Roaming\npm;C:\Program Files\JetBrains\IntelliJ IDEA Community Edition 2023.2.3\bin;
USERNAME=Asus
OS=Windows_NT
PROCESSOR_IDENTIFIER=Intel64 Family 6 Model 158 Stepping 10, GenuineIntel



---------------  S Y S T E M  ---------------

OS:
 Windows 10 , 64 bit Build 22621 (10.0.22621.2506)
OS uptime: 0 days 21:17 hours

CPU: total 8 (initial active 8) (4 cores per cpu, 2 threads per core) family 6 model 158 stepping 10 microcode 0xde, cx8, cmov, fxsr, ht, mmx, 3dnowpref, sse, sse2, sse3, ssse3, sse4.1, sse4.2, popcnt, lzcnt, tsc, tscinvbit, avx, avx2, aes, erms, clmul, bmi1, bmi2, adx, fma, vzeroupper, clflush, clflushopt

Memory: 4k page, system-wide physical 8043M (914M free)
TotalPageFile size 13843M (AvailPageFile size 413M)
current process WorkingSet (physical memory assigned to process): 87M, peak: 87M
current process commit charge ("private bytes"): 230M, peak: 230M

vm_info: Java HotSpot(TM) 64-Bit Server VM (17+35-LTS-2724) for windows-amd64 JRE (17+35-LTS-2724), built on Aug  5 2021 23:28:28 by "mach5one" with MS VC++ 16.8 (VS2019)

END.
