#
# There is insufficient memory for the Java Runtime Environment to continue.
# Native memory allocation (mmap) failed to map 132120576 bytes for G1 virtual space
# Possible reasons:
#   The system is out of physical RAM or swap space
#   The process is running with CompressedOops enabled, and the Java Heap may be blocking the growth of the native heap
# Possible solutions:
#   Reduce memory load on the system
#   Increase physical memory or swap space
#   Check if swap backing store is full
#   Decrease Java heap size (-Xmx/-Xms)
#   Decrease number of Java threads
#   Decrease Java thread stack sizes (-Xss)
#   Set larger code cache with -XX:ReservedCodeCacheSize=
#   JVM is running with Unscaled Compressed Oops mode in which the Java heap is
#     placed in the first 4GB address space. The Java Heap base address is the
#     maximum limit for the native heap growth. Please use -XX:HeapBaseMinAddress
#     to set the Java Heap base and to place the Java Heap above 4GB virtual address.
# This output file may be truncated or incomplete.
#
#  Out of Memory Error (os_windows.cpp:3469), pid=16364, tid=7648
#
# JRE version:  (17.0+35) (build )
# Java VM: Java HotSpot(TM) 64-Bit Server VM (17+35-LTS-2724, mixed mode, sharing, tiered, compressed oops, compressed class ptrs, g1 gc, windows-amd64)
# No core dump will be written. Minidumps are not enabled by default on client versions of Windows
#

---------------  S U M M A R Y ------------

Command Line: -Dnet.bytebuddy.agent.attacher.dump= net.bytebuddy.agent.Attacher com.sun.tools.attach.VirtualMachine 15588 C:\Users\Asus\.m2\repository\net\bytebuddy\byte-buddy-agent\1.14.9\byte-buddy-agent-1.14.9.jar false 

Host: Intel(R) Core(TM) i5-9300H CPU @ 2.40GHz, 8 cores, 7G,  Windows 10 , 64 bit Build 22621 (10.0.22621.2428)
Time: Sun Nov  5 01:35:31 2023 Hora estándar del Centro elapsed time: 0.009286 seconds (0d 0h 0m 0s)

---------------  T H R E A D  ---------------

Current thread (0x000002591f0d0780):  JavaThread "Unknown thread" [_thread_in_vm, id=7648, stack(0x000000eccec00000,0x000000ecced00000)]

Stack: [0x000000eccec00000,0x000000ecced00000]
Native frames: (J=compiled Java code, j=interpreted, Vv=VM code, C=native code)
V  [jvm.dll+0x66f8ea]
V  [jvm.dll+0x7ce224]
V  [jvm.dll+0x7cf9ce]
V  [jvm.dll+0x7d0033]
V  [jvm.dll+0x242bb5]
V  [jvm.dll+0x66c909]
V  [jvm.dll+0x6613d2]
V  [jvm.dll+0x30082b]
V  [jvm.dll+0x307db6]
V  [jvm.dll+0x357a0e]
V  [jvm.dll+0x357c3f]
V  [jvm.dll+0x2d7ae8]
V  [jvm.dll+0x2d8a54]
V  [jvm.dll+0x7a00a1]
V  [jvm.dll+0x365781]
V  [jvm.dll+0x77f59c]
V  [jvm.dll+0x3e805f]
V  [jvm.dll+0x3e9b01]
C  [jli.dll+0x527b]
C  [ucrtbase.dll+0x29363]
C  [KERNEL32.DLL+0x1257d]
C  [ntdll.dll+0x5aa78]


---------------  P R O C E S S  ---------------

Threads class SMR info:
_java_thread_list=0x00007ffd0fde7818, length=0, elements={
}

Java Threads: ( => current thread )

Other Threads:
  0x000002591f10c390 GCTaskThread "GC Thread#0" [stack: 0x000000ecced00000,0x000000eccee00000] [id=11980]
  0x000002591f11ce50 ConcurrentGCThread "G1 Main Marker" [stack: 0x000000eccee00000,0x000000eccef00000] [id=11084]
  0x000002591f11e870 ConcurrentGCThread "G1 Conc#0" [stack: 0x000000eccef00000,0x000000eccf000000] [id=4184]

[error occurred during error reporting (printing all threads), id 0xc0000005, EXCEPTION_ACCESS_VIOLATION (0xc0000005) at pc=0x00007ffd0f6384c7]

VM state: not at safepoint (not fully initialized)

VM Mutex/Monitor currently owned by a thread:  ([mutex/lock_event])
[0x000002591f0cf540] Heap_lock - owner thread: 0x000002591f0d0780

Heap address: 0x0000000082400000, size: 2012 MB, Compressed Oops mode: 32-bit

CDS archive(s) mapped at: [0x0000000000000000-0x0000000000000000-0x0000000000000000), size 0, SharedBaseAddress: 0x0000000800000000, ArchiveRelocationMode: 0.
Narrow klass base: 0x0000000000000000, Narrow klass shift: 0, Narrow klass range: 0x0

GC Precious Log:
<Empty>

Heap:
 garbage-first heap   total 0K, used 0K [0x0000000082400000, 0x0000000100000000)
  region size 1024K, 0 young (0K), 0 survivors (0K)

[error occurred during error reporting (printing heap information), id 0xc0000005, EXCEPTION_ACCESS_VIOLATION (0xc0000005) at pc=0x00007ffd0fa18c59]

GC Heap History (0 events):
No events

Deoptimization events (0 events):
No events

Classes unloaded (0 events):
No events

Classes redefined (0 events):
No events

Internal exceptions (0 events):
No events

VM Operations (0 events):
No events

Events (1 events):
Event: 0.006 Loaded shared library C:\Program Files\Java\jdk-17\bin\java.dll


Dynamic libraries:
0x00007ff6e6100000 - 0x00007ff6e6110000 	C:\Program Files\Java\jdk-17\bin\java.exe
0x00007ffd85270000 - 0x00007ffd85487000 	C:\WINDOWS\SYSTEM32\ntdll.dll
0x00007ffd84110000 - 0x00007ffd841d4000 	C:\WINDOWS\System32\KERNEL32.DLL
0x00007ffd829f0000 - 0x00007ffd82d96000 	C:\WINDOWS\System32\KERNELBASE.dll
0x00007ffd825f0000 - 0x00007ffd82701000 	C:\WINDOWS\System32\ucrtbase.dll
0x00007ffd69890000 - 0x00007ffd698a8000 	C:\Program Files\Java\jdk-17\bin\jli.dll
0x00007ffd698b0000 - 0x00007ffd698ca000 	C:\Program Files\Java\jdk-17\bin\VCRUNTIME140.dll
0x00007ffd84530000 - 0x00007ffd845e0000 	C:\WINDOWS\System32\ADVAPI32.dll
0x00007ffd85030000 - 0x00007ffd850d7000 	C:\WINDOWS\System32\msvcrt.dll
0x00007ffd84c20000 - 0x00007ffd84cc6000 	C:\WINDOWS\System32\sechost.dll
0x00007ffd84300000 - 0x00007ffd84417000 	C:\WINDOWS\System32\RPCRT4.dll
0x00007ffd84e80000 - 0x00007ffd8502d000 	C:\WINDOWS\System32\USER32.dll
0x00007ffd81a80000 - 0x00007ffd81d13000 	C:\WINDOWS\WinSxS\amd64_microsoft.windows.common-controls_6595b64144ccf1df_6.0.22621.2361_none_2712ced57382f843\COMCTL32.dll
0x00007ffd82710000 - 0x00007ffd82736000 	C:\WINDOWS\System32\win32u.dll
0x00007ffd84080000 - 0x00007ffd840a9000 	C:\WINDOWS\System32\GDI32.dll
0x00007ffd82eb0000 - 0x00007ffd82fc8000 	C:\WINDOWS\System32\gdi32full.dll
0x00007ffd82e10000 - 0x00007ffd82eaa000 	C:\WINDOWS\System32\msvcp_win.dll
0x00007ffd77e50000 - 0x00007ffd77e5a000 	C:\WINDOWS\SYSTEM32\VERSION.dll
0x00007ffd84cd0000 - 0x00007ffd84d01000 	C:\WINDOWS\System32\IMM32.DLL
0x00007ffd69fa0000 - 0x00007ffd69fac000 	C:\Program Files\Java\jdk-17\bin\vcruntime140_1.dll
0x00007ffd466a0000 - 0x00007ffd4672d000 	C:\Program Files\Java\jdk-17\bin\msvcp140.dll
0x00007ffd0f350000 - 0x00007ffd0ff0e000 	C:\Program Files\Java\jdk-17\bin\server\jvm.dll
0x00007ffd84520000 - 0x00007ffd84528000 	C:\WINDOWS\System32\PSAPI.DLL
0x00007ffd65390000 - 0x00007ffd65399000 	C:\WINDOWS\SYSTEM32\WSOCK32.dll
0x00007ffd79d00000 - 0x00007ffd79d34000 	C:\WINDOWS\SYSTEM32\WINMM.dll
0x00007ffd84d10000 - 0x00007ffd84d81000 	C:\WINDOWS\System32\WS2_32.dll
0x00007ffd80d60000 - 0x00007ffd80d78000 	C:\WINDOWS\SYSTEM32\kernel.appcore.dll
0x00007ffd69970000 - 0x00007ffd6997a000 	C:\Program Files\Java\jdk-17\bin\jimage.dll
0x00007ffd81fe0000 - 0x00007ffd8220e000 	C:\WINDOWS\SYSTEM32\DBGHELP.DLL
0x00007ffd83b40000 - 0x00007ffd83eca000 	C:\WINDOWS\System32\combase.dll
0x00007ffd84210000 - 0x00007ffd842e7000 	C:\WINDOWS\System32\OLEAUT32.dll
0x00007ffd81d20000 - 0x00007ffd81d52000 	C:\WINDOWS\SYSTEM32\dbgcore.DLL
0x00007ffd828b0000 - 0x00007ffd8292a000 	C:\WINDOWS\System32\bcryptPrimitives.dll
0x00007ffd69860000 - 0x00007ffd69885000 	C:\Program Files\Java\jdk-17\bin\java.dll

dbghelp: loaded successfully - version: 4.0.5 - missing functions: none
symbol engine: initialized successfully - sym options: 0x614 - pdb path: .;C:\Program Files\Java\jdk-17\bin;C:\WINDOWS\SYSTEM32;C:\WINDOWS\WinSxS\amd64_microsoft.windows.common-controls_6595b64144ccf1df_6.0.22621.2361_none_2712ced57382f843;C:\Program Files\Java\jdk-17\bin\server

VM Arguments:
jvm_args: -Dnet.bytebuddy.agent.attacher.dump= 
java_command: net.bytebuddy.agent.Attacher com.sun.tools.attach.VirtualMachine 15588 C:\Users\Asus\.m2\repository\net\bytebuddy\byte-buddy-agent\1.14.9\byte-buddy-agent-1.14.9.jar false 
java_class_path (initial): C:\Users\Asus\.m2\repository\net\bytebuddy\byte-buddy-agent\1.14.9\byte-buddy-agent-1.14.9.jar
Launcher Type: SUN_STANDARD

[Global flags]
     intx CICompilerCount                          = 4                                         {product} {ergonomic}
     uint ConcGCThreads                            = 2                                         {product} {ergonomic}
     uint G1ConcRefinementThreads                  = 8                                         {product} {ergonomic}
   size_t G1HeapRegionSize                         = 1048576                                   {product} {ergonomic}
    uintx GCDrainStackTargetSize                   = 64                                        {product} {ergonomic}
   size_t InitialHeapSize                          = 132120576                                 {product} {ergonomic}
   size_t MarkStackSize                            = 4194304                                   {product} {ergonomic}
   size_t MaxHeapSize                              = 2109734912                                {product} {ergonomic}
   size_t MinHeapDeltaBytes                        = 1048576                                   {product} {ergonomic}
   size_t MinHeapSize                              = 8388608                                   {product} {ergonomic}
    uintx NonNMethodCodeHeapSize                   = 5839372                                {pd product} {ergonomic}
    uintx NonProfiledCodeHeapSize                  = 122909434                              {pd product} {ergonomic}
    uintx ProfiledCodeHeapSize                     = 122909434                              {pd product} {ergonomic}
    uintx ReservedCodeCacheSize                    = 251658240                              {pd product} {ergonomic}
     bool SegmentedCodeCache                       = true                                      {product} {ergonomic}
   size_t SoftMaxHeapSize                          = 2109734912                             {manageable} {ergonomic}
     bool UseCompressedClassPointers               = true                           {product lp64_product} {ergonomic}
     bool UseCompressedOops                        = true                           {product lp64_product} {ergonomic}
     bool UseG1GC                                  = true                                      {product} {ergonomic}
     bool UseLargePagesIndividualAllocation        = false                                  {pd product} {ergonomic}

Logging:
Log output configuration:
 #0: stdout all=warning uptime,level,tags
 #1: stderr all=off uptime,level,tags

Environment Variables:
PATH=C:\Program Files\Common Files\Oracle\Java\javapath;C:\Windows\system32;C:\Windows;C:\Windows\System32\Wbem;C:\Windows\System32\WindowsPowerShell\v1.0\;C:\Windows\System32\OpenSSH\;C:\Program Files (x86)\NVIDIA Corporation\PhysX\Common;C:\Program Files\NVIDIA Corporation\NVIDIA NvDLISR;C:\WINDOWS\system32;C:\WINDOWS;C:\WINDOWS\System32\Wbem;C:\WINDOWS\System32\WindowsPowerShell\v1.0\;C:\WINDOWS\System32\OpenSSH\;C:\Program Files\dotnet\;C:\Program Files (x86)\dotnet\;C:\Program Files\Microsoft SQL Server\Client SDK\ODBC\130\Tools\Binn\;C:\Program Files (x86)\Microsoft SQL Server\140\Tools\Binn\;C:\Program Files\Microsoft SQL Server\140\Tools\Binn\;C:\Program Files\Microsoft SQL Server\140\DTS\Binn\;C:\Program Files\Git\cmd;C:\Program Files\Git\mingw64\bin;C:\Program Files\Git\usr\bin;C:\Program Files\nodejs\;C:\Users\Asus\AppData\Local\Programs\Python\Python311\Scripts;C:\Users\Asus\AppData\Local\Programs\Python\Python311\;C:\Program Files\MySQL\MySQL Shell 8.0\bin\;C:\Users\Asus\AppData\Local\Microsoft\WindowsApps;C:\Users\Asus\AppData\Local\Programs\Microsoft VS Code\bin;C:\Users\Asus\AppData\Roaming\npm;C:\Program Files\JetBrains\IntelliJ IDEA Community Edition 2023.2.3\bin;
USERNAME=Asus
OS=Windows_NT
PROCESSOR_IDENTIFIER=Intel64 Family 6 Model 158 Stepping 10, GenuineIntel



---------------  S Y S T E M  ---------------

OS:
 Windows 10 , 64 bit Build 22621 (10.0.22621.2428)
OS uptime: 2 days 14:03 hours

CPU: total 8 (initial active 8) (4 cores per cpu, 2 threads per core) family 6 model 158 stepping 10 microcode 0xde, cx8, cmov, fxsr, ht, mmx, 3dnowpref, sse, sse2, sse3, ssse3, sse4.1, sse4.2, popcnt, lzcnt, tsc, tscinvbit, avx, avx2, aes, erms, clmul, bmi1, bmi2, adx, fma, vzeroupper, clflush, clflushopt

Memory: 4k page, system-wide physical 8043M (378M free)
TotalPageFile size 13843M (AvailPageFile size 104M)
current process WorkingSet (physical memory assigned to process): 11M, peak: 11M
current process commit charge ("private bytes"): 60M, peak: 186M

vm_info: Java HotSpot(TM) 64-Bit Server VM (17+35-LTS-2724) for windows-amd64 JRE (17+35-LTS-2724), built on Aug  5 2021 23:28:28 by "mach5one" with MS VC++ 16.8 (VS2019)

END.
